<?xml version="1.0" encoding="UTF-8" standalone="yes"?><!DOCTYPE report PUBLIC "-//JACOCO//DTD Report 1.1//EN" "report.dtd"><report name="tp1"><sessioninfo id="DESKTOP-16U7I4R-577992a8" start="1605469675870" dump="1605469676725"/><sessioninfo id="DESKTOP-16U7I4R-fde90044" start="1605472809706" dump="1605472810593"/><sessioninfo id="DESKTOP-16U7I4R-a8954aeb" start="1605472916208" dump="1605472917126"/><sessioninfo id="DESKTOP-16U7I4R-d28f69fb" start="1605473374887" dump="1605473375774"/><sessioninfo id="DESKTOP-16U7I4R-b1022397" start="1605473804201" dump="1605473805090"/><sessioninfo id="DESKTOP-16U7I4R-739c138e" start="1605475026746" dump="1605475027675"/><sessioninfo id="DESKTOP-16U7I4R-5563f016" start="1605475482447" dump="1605475483454"/><sessioninfo id="DESKTOP-16U7I4R-53496821" start="1605475576732" dump="1605475577650"/><sessioninfo id="DESKTOP-16U7I4R-98601ffc" start="1605475594504" dump="1605475595437"/><sessioninfo id="DESKTOP-16U7I4R-c55c0191" start="1605475668849" dump="1605475669664"/><sessioninfo id="DESKTOP-16U7I4R-7ef6ecd4" start="1605476460969" dump="1605476462660"/><sessioninfo id="DESKTOP-16U7I4R-9951cc04" start="1605476528894" dump="1605476530476"/><sessioninfo id="DESKTOP-16U7I4R-bea6c4f4" start="1605476612930" dump="1605476614507"/><sessioninfo id="DESKTOP-16U7I4R-b603c21b" start="1605476645532" dump="1605476646941"/><sessioninfo id="DESKTOP-16U7I4R-308b5b26" start="1605476700179" dump="1605476701630"/><sessioninfo id="DESKTOP-16U7I4R-8c35e4e6" start="1605476750663" dump="1605476752138"/><sessioninfo id="DESKTOP-16U7I4R-dd07de27" start="1605476797970" dump="1605476799409"/><sessioninfo id="DESKTOP-16U7I4R-9f739670" start="1605476829079" dump="1605476829973"/><sessioninfo id="DESKTOP-16U7I4R-af46a9fc" start="1605476851705" dump="1605476852595"/><sessioninfo id="DESKTOP-16U7I4R-b3538a52" start="1605476986239" dump="1605476987145"/><sessioninfo id="DESKTOP-16U7I4R-570049c0" start="1605477057930" dump="1605477058824"/><sessioninfo id="DESKTOP-16U7I4R-b81324f9" start="1605477088036" dump="1605477088977"/><sessioninfo id="DESKTOP-16U7I4R-eecc78fa" start="1605478309930" dump="1605478310934"/><sessioninfo id="DESKTOP-16U7I4R-bdfa6997" start="1605478400989" dump="1605478402047"/><sessioninfo id="DESKTOP-16U7I4R-8a2a641e" start="1605478430755" dump="1605478431816"/><sessioninfo id="DESKTOP-16U7I4R-5b2132e5" start="1605478512249" dump="1605478513332"/><sessioninfo id="DESKTOP-16U7I4R-70d0a9a3" start="1605478524923" dump="1605478525869"/><sessioninfo id="DESKTOP-16U7I4R-9633601b" start="1605479091484" dump="1605479092434"/><sessioninfo id="DESKTOP-16U7I4R-5ed6f6e3" start="1605479246537" dump="1605479247601"/><sessioninfo id="DESKTOP-16U7I4R-f5aa6e2f" start="1605479404038" dump="1605479405101"/><sessioninfo id="DESKTOP-16U7I4R-5ac9084e" start="1605479492645" dump="1605479493716"/><sessioninfo id="DESKTOP-16U7I4R-57a18d94" start="1605479537769" dump="1605479538852"/><sessioninfo id="DESKTOP-16U7I4R-1ee17cf" start="1605479556636" dump="1605479557535"/><sessioninfo id="DESKTOP-16U7I4R-f0d06cf7" start="1605479608232" dump="1605479609232"/><sessioninfo id="DESKTOP-16U7I4R-44f343b4" start="1605479726036" dump="1605479726942"/><sessioninfo id="DESKTOP-16U7I4R-d8f66e4" start="1605479841281" dump="1605479842092"/><sessioninfo id="DESKTOP-16U7I4R-d6c59fbc" start="1605479960766" dump="1605479961575"/><sessioninfo id="DESKTOP-16U7I4R-7744813e" start="1605479983997" dump="1605479984832"/><sessioninfo id="DESKTOP-16U7I4R-bd08416e" start="1605480004882" dump="1605480005721"/><sessioninfo id="DESKTOP-16U7I4R-857a0cc0" start="1605480020980" dump="1605480021815"/><sessioninfo id="DESKTOP-16U7I4R-23743e39" start="1605480154572" dump="1605480155537"/><sessioninfo id="DESKTOP-16U7I4R-a2747b27" start="1605480199658" dump="1605480200750"/><sessioninfo id="DESKTOP-16U7I4R-15d1e301" start="1605480287665" dump="1605480288684"/><sessioninfo id="DESKTOP-16U7I4R-1368c16" start="1605480316247" dump="1605480317275"/><sessioninfo id="DESKTOP-16U7I4R-461d8467" start="1605480344795" dump="1605480345881"/><sessioninfo id="DESKTOP-16U7I4R-b5064b05" start="1605480387422" dump="1605480388380"/><sessioninfo id="DESKTOP-16U7I4R-92e2ba8f" start="1605480472873" dump="1605480473829"/><sessioninfo id="DESKTOP-16U7I4R-72f36fc" start="1605480515119" dump="1605480516152"/><sessioninfo id="DESKTOP-16U7I4R-16c8df41" start="1605480540712" dump="1605480541733"/><sessioninfo id="DESKTOP-16U7I4R-97d569f9" start="1605480665783" dump="1605480666866"/><sessioninfo id="DESKTOP-16U7I4R-ffd052db" start="1605480705842" dump="1605480706902"/><sessioninfo id="DESKTOP-16U7I4R-94a249cd" start="1605480776812" dump="1605480777930"/><sessioninfo id="DESKTOP-16U7I4R-82bc2ebf" start="1605480937167" dump="1605480938402"/><sessioninfo id="DESKTOP-16U7I4R-b81a09d7" start="1605481040806" dump="1605481041989"/><sessioninfo id="DESKTOP-16U7I4R-7eca9140" start="1605481059366" dump="1605481060375"/><sessioninfo id="DESKTOP-16U7I4R-1da14573" start="1605481470182" dump="1605481471320"/><sessioninfo id="DESKTOP-16U7I4R-6414aaea" start="1605481522732" dump="1605481523741"/><sessioninfo id="DESKTOP-16U7I4R-d76ea11d" start="1605481559924" dump="1605481561511"/><sessioninfo id="DESKTOP-16U7I4R-20fcf191" start="1605481583568" dump="1605481584580"/><sessioninfo id="DESKTOP-16U7I4R-cd59775e" start="1605481912410" dump="1605481913489"/><sessioninfo id="DESKTOP-16U7I4R-8846c494" start="1605481932016" dump="1605481933079"/><sessioninfo id="DESKTOP-16U7I4R-e192fdff" start="1605481977327" dump="1605481978395"/><sessioninfo id="DESKTOP-16U7I4R-bc244b0" start="1605482061006" dump="1605482062106"/><sessioninfo id="DESKTOP-16U7I4R-bcaf7b01" start="1605482364899" dump="1605482365936"/><package name="inf2050"><class name="inf2050/Statistique" sourcefilename="Statistique.java"><method name="&lt;init&gt;" desc="(Ljava/lang/String;)V" line="16"><counter type="INSTRUCTION" missed="9" covered="0"/><counter type="LINE" missed="4" covered="0"/><counter type="COMPLEXITY" missed="1" covered="0"/><counter type="METHOD" missed="1" covered="0"/></method><method name="getArrondissement" desc="()Ljava/lang/String;" line="23"><counter type="INSTRUCTION" missed="3" covered="0"/><counter type="LINE" missed="1" covered="0"/><counter type="COMPLEXITY" missed="1" covered="0"/><counter type="METHOD" missed="1" covered="0"/></method><method name="getIntervention" desc="()I" line="26"><counter type="INSTRUCTION" missed="3" covered="0"/><counter type="LINE" missed="1" covered="0"/><counter type="COMPLEXITY" missed="1" covered="0"/><counter type="METHOD" missed="1" covered="0"/></method><method name="setIntervention" desc="(I)V" line="29"><counter type="INSTRUCTION" missed="4" covered="0"/><counter type="LINE" missed="2" covered="0"/><counter type="COMPLEXITY" missed="1" covered="0"/><counter type="METHOD" missed="1" covered="0"/></method><method name="incrementerIntervention" desc="()V" line="33"><counter type="INSTRUCTION" missed="7" covered="0"/><counter type="LINE" missed="2" covered="0"/><counter type="COMPLEXITY" missed="1" covered="0"/><counter type="METHOD" missed="1" covered="0"/></method><counter type="INSTRUCTION" missed="26" covered="0"/><counter type="LINE" missed="10" covered="0"/><counter type="COMPLEXITY" missed="5" covered="0"/><counter type="METHOD" missed="5" covered="0"/><counter type="CLASS" missed="1" covered="0"/></class><class name="inf2050/Plainte" sourcefilename="Plainte.java"><method name="&lt;init&gt;" desc="(Ljava/lang/String;Ljava/lang/String;Ljava/lang/String;Ljava/lang/String;Ljava/lang/String;)V" line="20"><counter type="INSTRUCTION" missed="19" covered="0"/><counter type="LINE" missed="7" covered="0"/><counter type="COMPLEXITY" missed="1" covered="0"/><counter type="METHOD" missed="1" covered="0"/></method><method name="getArrondissement" desc="()Ljava/lang/String;" line="31"><counter type="INSTRUCTION" missed="3" covered="0"/><counter type="LINE" missed="1" covered="0"/><counter type="COMPLEXITY" missed="1" covered="0"/><counter type="METHOD" missed="1" covered="0"/></method><method name="getDate" desc="()Ljava/time/LocalDate;" line="34"><counter type="INSTRUCTION" missed="3" covered="0"/><counter type="LINE" missed="1" covered="0"/><counter type="COMPLEXITY" missed="1" covered="0"/><counter type="METHOD" missed="1" covered="0"/></method><method name="getDescription" desc="()Ljava/lang/String;" line="37"><counter type="INSTRUCTION" missed="3" covered="0"/><counter type="LINE" missed="1" covered="0"/><counter type="COMPLEXITY" missed="1" covered="0"/><counter type="METHOD" missed="1" covered="0"/></method><method name="getHeure" desc="()Ljava/lang/String;" line="40"><counter type="INSTRUCTION" missed="3" covered="0"/><counter type="LINE" missed="1" covered="0"/><counter type="COMPLEXITY" missed="1" covered="0"/><counter type="METHOD" missed="1" covered="0"/></method><method name="getParc" desc="()Ljava/lang/String;" line="43"><counter type="INSTRUCTION" missed="3" covered="0"/><counter type="LINE" missed="1" covered="0"/><counter type="COMPLEXITY" missed="1" covered="0"/><counter type="METHOD" missed="1" covered="0"/></method><counter type="INSTRUCTION" missed="34" covered="0"/><counter type="LINE" missed="12" covered="0"/><counter type="COMPLEXITY" missed="6" covered="0"/><counter type="METHOD" missed="6" covered="0"/><counter type="CLASS" missed="1" covered="0"/></class><class name="inf2050/App" sourcefilename="App.java"><method name="&lt;init&gt;" desc="()V" line="23"><counter type="INSTRUCTION" missed="0" covered="3"/><counter type="LINE" missed="0" covered="1"/><counter type="COMPLEXITY" missed="0" covered="1"/><counter type="METHOD" missed="0" covered="1"/></method><method name="main" desc="([Ljava/lang/String;)V" line="30"><counter type="INSTRUCTION" missed="119" covered="0"/><counter type="BRANCH" missed="8" covered="0"/><counter type="LINE" missed="30" covered="0"/><counter type="COMPLEXITY" missed="5" covered="0"/><counter type="METHOD" missed="1" covered="0"/></method><method name="verifierArrondissement" desc="(Ljava/lang/String;)Z" line="88"><counter type="INSTRUCTION" missed="6" covered="43"/><counter type="BRANCH" missed="0" covered="2"/><counter type="LINE" missed="3" covered="11"/><counter type="COMPLEXITY" missed="0" covered="2"/><counter type="METHOD" missed="0" covered="1"/></method><method name="lambda$main$0" desc="(Ljava/util/List;Linf2050/Plainte;)V" line="53"><counter type="INSTRUCTION" missed="52" covered="0"/><counter type="BRANCH" missed="8" covered="0"/><counter type="LINE" missed="14" covered="0"/><counter type="COMPLEXITY" missed="5" covered="0"/><counter type="METHOD" missed="1" covered="0"/></method><counter type="INSTRUCTION" missed="177" covered="46"/><counter type="BRANCH" missed="16" covered="2"/><counter type="LINE" missed="47" covered="12"/><counter type="COMPLEXITY" missed="10" covered="3"/><counter type="METHOD" missed="2" covered="2"/><counter type="CLASS" missed="0" covered="1"/></class><sourcefile name="Plainte.java"><line nr="20" mi="2" ci="0" mb="0" cb="0"/><line nr="22" mi="4" ci="0" mb="0" cb="0"/><line nr="23" mi="3" ci="0" mb="0" cb="0"/><line nr="24" mi="3" ci="0" mb="0" cb="0"/><line nr="25" mi="3" ci="0" mb="0" cb="0"/><line nr="26" mi="3" ci="0" mb="0" cb="0"/><line nr="28" mi="1" ci="0" mb="0" cb="0"/><line nr="31" mi="3" ci="0" mb="0" cb="0"/><line nr="34" mi="3" ci="0" mb="0" cb="0"/><line nr="37" mi="3" ci="0" mb="0" cb="0"/><line nr="40" mi="3" ci="0" mb="0" cb="0"/><line nr="43" mi="3" ci="0" mb="0" cb="0"/><counter type="INSTRUCTION" missed="34" covered="0"/><counter type="LINE" missed="12" covered="0"/><counter type="COMPLEXITY" missed="6" covered="0"/><counter type="METHOD" missed="6" covered="0"/><counter type="CLASS" missed="1" covered="0"/></sourcefile><sourcefile name="Statistique.java"><line nr="16" mi="3" ci="0" mb="0" cb="0"/><line nr="18" mi="2" ci="0" mb="0" cb="0"/><line nr="19" mi="3" ci="0" mb="0" cb="0"/><line nr="20" mi="1" ci="0" mb="0" cb="0"/><line nr="23" mi="3" ci="0" mb="0" cb="0"/><line nr="26" mi="3" ci="0" mb="0" cb="0"/><line nr="29" mi="3" ci="0" mb="0" cb="0"/><line nr="30" mi="1" ci="0" mb="0" cb="0"/><line nr="33" mi="6" ci="0" mb="0" cb="0"/><line nr="34" mi="1" ci="0" mb="0" cb="0"/><counter type="INSTRUCTION" missed="26" covered="0"/><counter type="LINE" missed="10" covered="0"/><counter type="COMPLEXITY" missed="5" covered="0"/><counter type="METHOD" missed="5" covered="0"/><counter type="CLASS" missed="1" covered="0"/></sourcefile><sourcefile name="App.java"><line nr="23" mi="0" ci="3" mb="0" cb="0"/><line nr="30" mi="4" ci="0" mb="0" cb="0"/><line nr="32" mi="2" ci="0" mb="0" cb="0"/><line nr="34" mi="4" ci="0" mb="0" cb="0"/><line nr="35" mi="4" ci="0" mb="0" cb="0"/><line nr="38" mi="5" ci="0" mb="0" cb="0"/><line nr="39" mi="5" ci="0" mb="0" cb="0"/><line nr="40" mi="6" ci="0" mb="2" cb="0"/><line nr="41" mi="3" ci="0" mb="2" cb="0"/><line nr="42" mi="3" ci="0" mb="0" cb="0"/><line nr="43" mi="4" ci="0" mb="2" cb="0"/><line nr="44" mi="4" ci="0" mb="0" cb="0"/><line nr="45" mi="19" ci="0" mb="0" cb="0"/><line nr="46" mi="4" ci="0" mb="0" cb="0"/><line nr="48" mi="1" ci="0" mb="0" cb="0"/><line nr="49" mi="2" ci="0" mb="0" cb="0"/><line nr="51" mi="4" ci="0" mb="0" cb="0"/><line nr="53" mi="3" ci="0" mb="2" cb="0"/><line nr="54" mi="6" ci="0" mb="0" cb="0"/><line nr="55" mi="4" ci="0" mb="0" cb="0"/><line nr="56" mi="1" ci="0" mb="0" cb="0"/><line nr="57" mi="2" ci="0" mb="0" cb="0"/><line nr="58" mi="10" ci="0" mb="2" cb="0"/><line nr="59" mi="8" ci="0" mb="2" cb="0"/><line nr="60" mi="2" ci="0" mb="0" cb="0"/><line nr="61" mi="2" ci="0" mb="0" cb="0"/><line nr="63" mi="1" ci="0" mb="0" cb="0"/><line nr="64" mi="2" ci="0" mb="2" cb="0"/><line nr="65" mi="6" ci="0" mb="0" cb="0"/><line nr="66" mi="4" ci="0" mb="0" cb="0"/><line nr="69" mi="1" ci="0" mb="0" cb="0"/><line nr="71" mi="10" ci="0" mb="2" cb="0"/><line nr="72" mi="8" ci="0" mb="0" cb="0"/><line nr="73" mi="1" ci="0" mb="0" cb="0"/><line nr="75" mi="5" ci="0" mb="0" cb="0"/><line nr="76" mi="3" ci="0" mb="0" cb="0"/><line nr="77" mi="2" ci="0" mb="0" cb="0"/><line nr="78" mi="3" ci="0" mb="0" cb="0"/><line nr="79" mi="1" ci="0" mb="0" cb="0"/><line nr="80" mi="4" ci="0" mb="0" cb="0"/><line nr="81" mi="1" ci="0" mb="0" cb="0"/><line nr="82" mi="1" ci="0" mb="0" cb="0"/><line nr="83" mi="4" ci="0" mb="0" cb="0"/><line nr="84" mi="1" ci="0" mb="0" cb="0"/><line nr="85" mi="1" ci="0" mb="0" cb="0"/><line nr="88" mi="0" ci="2" mb="0" cb="0"/><line nr="90" mi="0" ci="5" mb="0" cb="0"/><line nr="91" mi="0" ci="7" mb="0" cb="0"/><line nr="92" mi="0" ci="3" mb="0" cb="2"/><line nr="93" mi="0" ci="6" mb="0" cb="0"/><line nr="95" mi="0" ci="2" mb="0" cb="0"/><line nr="96" mi="1" ci="0" mb="0" cb="0"/><line nr="97" mi="3" ci="0" mb="0" cb="0"/><line nr="98" mi="2" ci="0" mb="0" cb="0"/><line nr="99" mi="0" ci="1" mb="0" cb="0"/><line nr="100" mi="0" ci="4" mb="0" cb="0"/><line nr="101" mi="0" ci="4" mb="0" cb="0"/><line nr="102" mi="0" ci="5" mb="0" cb="0"/><line nr="104" mi="0" ci="4" mb="0" cb="0"/><counter type="INSTRUCTION" missed="177" covered="46"/><counter type="BRANCH" missed="16" covered="2"/><counter type="LINE" missed="47" covered="12"/><counter type="COMPLEXITY" missed="10" covered="3"/><counter type="METHOD" missed="2" covered="2"/><counter type="CLASS" missed="0" covered="1"/></sourcefile><counter type="INSTRUCTION" missed="237" covered="46"/><counter type="BRANCH" missed="16" covered="2"/><counter type="LINE" missed="69" covered="12"/><counter type="COMPLEXITY" missed="21" covered="3"/><counter type="METHOD" missed="13" covered="2"/><counter type="CLASS" missed="2" covered="1"/></package><counter type="INSTRUCTION" missed="237" covered="46"/><counter type="BRANCH" missed="16" covered="2"/><counter type="LINE" missed="69" covered="12"/><counter type="COMPLEXITY" missed="21" covered="3"/><counter type="METHOD" missed="13" covered="2"/><counter type="CLASS" missed="2" covered="1"/></report>